make all --print-data-base --no-builtin-variables --no-builtin-rules --question
# GNU Make 4.3
# Built for x86_64-pc-linux-gnu
# Copyright (C) 1988-2020 Free Software Foundation, Inc.
# License GPLv3+: GNU GPL version 3 or later <http://gnu.org/licenses/gpl.html>
# This is free software: you are free to change and redistribute it.
# There is NO WARRANTY, to the extent permitted by law.

# Make data base, printed on Tue Jun 28 10:46:07 2022

# Variables

# environment
SUDO_ASKPASS = /home/lautarob/.config/scripts/dmenupass sudo -A dmenu
# environment
GDK_BACKEND = x11
# environment
LC_ALL = C
# environment
NO_AT_BRIDGE = 1
# environment
ESCDELAY = 25
# environment
VSCODE_IPC_HOOK_EXTHOST = /run/user/1000/vscode-ipc-c1bfb275-02ff-47f6-a3b6-5a28752f29c8.sock
# environment
VSCODE_CWD = /home/lautarob/Documents/Facultad/AYED2/lab/parciales/practica/parcial2-recuperatorio/C/kickstart-C/ParcialC
# environment
WINDOWID = 23068674
# default
MAKE_COMMAND := make
# environment
GTK3_MODULES = xapp-gtk3-module
# automatic
@D = $(patsubst %/,%,$(dir $@))
# environment
VSCODE_HANDLES_UNCAUGHT_ERRORS = true
# default
.VARIABLES := 
# environment
PWD = /home/lautarob/Documents/Facultad/AYED2/lab/parciales/practica/parcial2-recuperatorio/C/kickstart-C/ParcialC
# automatic
%D = $(patsubst %/,%,$(dir $%))
# environment
MAIL = /var/spool/mail/lautarob
# automatic
^D = $(patsubst %/,%,$(dir $^))
# environment
VSCODE_LOG_STACK = false
# automatic
%F = $(notdir $%)
# environment
ALACRITTY_SOCKET = /run/user/1000/Alacritty-:0-2247.sock
# environment
VSCODE_CODE_CACHE_PATH = /home/lautarob/.config/Code/CachedData/30d9c6cd9483b2cc586687151bcbcd635f373630
# environment
LANG = C
# environment
XAUTHORITY = /home/lautarob/.lyxauth
# default
.LOADED := 
# default
.INCLUDE_DIRS = /usr/include /usr/local/include /usr/include
# makefile
MAKEFLAGS = pqrR
# makefile
CURDIR := /home/lautarob/Documents/Facultad/AYED2/lab/parciales/practica/parcial2-recuperatorio/C/kickstart-C/ParcialC
# environment
VSCODE_PIPE_LOGGING = true
# environment
APPLICATION_INSIGHTS_NO_DIAGNOSTIC_CHANNEL = true
# automatic
*D = $(patsubst %/,%,$(dir $*))
# environment
MFLAGS = -pqrR
# default
.SHELLFLAGS := -c
# automatic
+D = $(patsubst %/,%,$(dir $+))
# makefile (from 'Makefile', line 1)
MAKEFILE_LIST := Makefile
# automatic
@F = $(notdir $@)
# environment
VSCODE_VERBOSE_LOGGING = true
# environment
VSCODE_PID = 4397
# environment
XDG_SESSION_TYPE = tty
# automatic
?D = $(patsubst %/,%,$(dir $?))
# automatic
*F = $(notdir $*)
# environment
QT_QPA_PLATFORMTHEME = qt5ct
# environment
CHROME_DESKTOP = code-url-handler.desktop
# environment
DBUS_SESSION_BUS_ADDRESS = unix:path=/run/user/1000/bus
# automatic
<D = $(patsubst %/,%,$(dir $<))
# environment
VSCODE_NLS_CONFIG = {"locale":"en-us","availableLanguages":{},"_languagePackSupport":true}
# default
MAKE_HOST := x86_64-pc-linux-gnu
# makefile
SHELL = /bin/sh
# default
MAKECMDGOALS := all
# environment
SHLVL = 4
# environment
MAKELEVEL := 0
# default
MAKE = $(MAKE_COMMAND)
# environment
PATH = /home/lautarob/.config/scripts:/home/lautarob/.local/bin:/home/lautarob/.config/scripts:/home/lautarob/.config/scripts:/home/lautarob/.config/scripts:/sbin:/bin:/usr/local/sbin:/usr/local/bin:/usr/bin:/usr/sbin:/usr/lib/jvm/default/bin:/usr/bin/site_perl:/usr/bin/vendor_perl:/usr/bin/core_perl
# default
MAKEFILES := 
# environment
MOTD_SHOWN = pam
# automatic
^F = $(notdir $^)
# environment
VSCODE_LOG_NATIVE = false
# automatic
?F = $(notdir $?)
# environment
XDG_SEAT = seat0
# environment
ALACRITTY_LOG = /tmp/Alacritty-2247.log
# automatic
+F = $(notdir $+)
# environment
ORIGINAL_XDG_CURRENT_DESKTOP = undefined
# makefile (from 'Makefile', line 4)
OBJECTS = $(SOURCES:.c=.o)
# 'override' directive
GNUMAKEFLAGS := 
# environment
BROWSER = qutebrowser
# environment
LOGNAME = lautarob
# environment
XDG_VTNR = 2
# environment
RANGER_LEVEL = 1
# makefile
.DEFAULT_GOAL := all
# environment
EDITOR = nvim
# environment
DISPLAY = :0
# environment
GTK_MODULES = canberra-gtk-module
# environment
USER = lautarob
# default
MAKE_VERSION := 4.3
# environment
DEBUGINFOD_URLS = https://debuginfod.archlinux.org 
# environment
PAGER = less
# environment
_ = /sbin/make
# environment
XDG_RUNTIME_DIR = /run/user/1000
# makefile (from 'Makefile', line 2)
CFLAGS = -Wall -Werror -Wextra -pedantic -std=c99 -g
# environment
COLORTERM = truecolor
# environment
VISUAL = nvim
# environment
XDG_SESSION_CLASS = user
# environment
VSCODE_AMD_ENTRYPOINT = vs/workbench/api/node/extensionHostProcess
# environment
HOME = /home/lautarob
# environment
ELECTRON_RUN_AS_NODE = 1
# environment
VSCODE_IPC_HOOK = /run/user/1000/vscode-9a830bdf-1.68.1-main.sock
# environment
TERM = alacritty
# environment
XDG_SESSION_ID = 1
# default
.RECIPEPREFIX := 
# automatic
<F = $(notdir $<)
# default
SUFFIXES := 
# makefile (from 'Makefile', line 5)
TARGET = dispatch_patients
# environment
VSCODE_CLI = 1
# environment
ELECTRON_NO_ATTACH_CONSOLE = 1
# default
.FEATURES := target-specific order-only second-expansion else-if shortest-stem undefine oneshell nocomment grouped-target extra-prereqs archives jobserver output-sync check-symlink guile load
# makefile (from 'Makefile', line 1)
CC = gcc
# makefile (from 'Makefile', line 3)
SOURCES = pqueue.c main.c
# variable set hash-table stats:
# Load=96/1024=9%, Rehash=0, Collisions=5/130=4%

# Pattern-specific Variable Values

# No pattern-specific variable values.

# Directories

# . (device 2066, inode 6292002): 8 files, no impossibilities.

# 8 files, no impossibilities in 1 directories.

# Implicit Rules

# No implicit rules.

# Files

.c.o:
#  Implicit rule search has not been done.
#  Modification time never checked.
#  File has not been updated.
#  recipe to execute (from 'Makefile', line 15):
	$(CC) $(CFLAGS) -c $< -o $@

# Not a target:
Makefile:
#  Implicit rule search has been done.
#  Last modified 2022-06-06 08:59:48
#  File has been updated.
#  Successfully updated.

# Not a target:
pqueue.o:
#  Implicit rule search has been done.
#  File does not exist.
#  File has not been updated.

clean:
#  Phony target (prerequisite of .PHONY).
#  Implicit rule search has not been done.
#  File does not exist.
#  File has not been updated.
#  recipe to execute (from 'Makefile', line 18):
	$(RM) $(OBJECTS) $(TARGET)

# Not a target:
.DEFAULT:
#  Implicit rule search has not been done.
#  Modification time never checked.
#  File has not been updated.

all: dispatch_patients
#  Command line target.
#  Implicit rule search has been done.
#  File does not exist.
#  File has not been updated.

# Not a target:
main.o:
#  Implicit rule search has not been done.
#  Modification time never checked.
#  File has not been updated.

dispatch_patients: pqueue.o main.o
#  Implicit rule search has not been done.
#  File does not exist.
#  File has not been updated.
#  recipe to execute (from 'Makefile', line 12):
	$(CC) $(CFLAGS) -o $(TARGET) $(OBJECTS) $(LFLAGS) $(LIBS)

.PHONY: clean
#  Implicit rule search has not been done.
#  Modification time never checked.
#  File has not been updated.
 
make: *** No rule to make target 'pqueue.o', needed by 'dispatch_patients'.  Stop.


# files hash-table stats:
# Load=10/1024=1%, Rehash=0, Collisions=0/27=0%
# VPATH Search Paths

# No 'vpath' search paths.

# No general ('VPATH' variable) search path.

# strcache buffers: 1 (0) / strings = 19 / storage = 160 B / avg = 8 B
# current buf: size = 8162 B / used = 160 B / count = 19 / avg = 8 B

# strcache performance: lookups = 31 / hit rate = 38%
# hash-table stats:
# Load=19/8192=0%, Rehash=0, Collisions=0/31=0%
# Finished Make data base on Tue Jun 28 10:46:07 2022

 
