Profesias Vox_Dei 1971 457
Libros_sapiensales Vox_Dei 1971 137
Almendra Spinetta 1982 164
Aguila_de_trueno_I Spinetta 1982 184
Kamikaze Spinetta 1982 196
Cristo_y_nacimiento Vox_Dei 1971 199
Lago_en_el_Cielo Gustavo_Cerati 2006 309
Me_quedo_aqui Gustavo_Cerati 2006 217
La_excepcion Gustavo_Cerati 2006 249
Adios Gustavo_Cerati 2006 234
Uno_entre_1000 Gustavo_Cerati 2006 246
Caravana Gustavo_Cerati 2006 246
Crimen Gustavo_Cerati 2006 229
Ella_tambien Spinetta 1982 249
Dios_nos_Libre Gustavo_Cerati 2006 269
Otra_Piel Gustavo_Cerati 2006 278
Al_fin_sucede Gustavo_Cerati 2006 209
Moises Vox_Dei 1971 450
Aguila_de_trueno_II Spinetta 1982 87
Las_guerras Vox_Dei 1971 794
